2024-09-12 11:32:42,065 - __main__ - ERROR - Ошибка в ask_operator_id_handle: get_user_password() takes 1 positional argument but 2 were given
2024-09-12 11:32:50,757 - __main__ - INFO - Команда /generate_report получена
2024-09-12 11:32:51,098 - __main__ - INFO - Отчет с operator_id 2 успешно сгенерирован.
2024-09-12 11:47:50,250 - __main__ - ERROR - Ошибка при запуске event loop: Cannot close a running event loop
2024-09-12 11:56:25,025 - __main__ - INFO - Планировщик задач добавлен
2024-09-12 11:56:25,684 - __main__ - INFO - Бот инициализирован, пытаемся запустить run_polling
2024-09-12 11:56:44,618 - __main__ - INFO - Команда /register получена от пользователя 309606681
2024-09-12 11:56:59,151 - __main__ - INFO - Успешное подключение к базе данных.
2024-09-12 14:51:36,772 - __main__ - ERROR - Ошибка при запуске event loop: Cannot close a running event loop
2024-09-13 12:12:47,819 - __main__ - INFO - Бот инициализирован, пытаемся запустить run_polling
2024-09-13 12:14:00,304 - __main__ - INFO - Команда /start получена от пользователя 309606681
2024-09-13 12:14:00,663 - __main__ - INFO - Команда /start обработана для пользователя 309606681.
2024-09-13 12:14:02,207 - __main__ - INFO - Команда /start получена от пользователя 309606681
2024-09-13 12:14:02,368 - __main__ - INFO - Команда /start обработана для пользователя 309606681.
2024-09-13 12:14:03,717 - __main__ - INFO - Команда /register получена от пользователя 309606681
2024-09-13 12:14:09,484 - __main__ - INFO - Успешное подключение к базе данных.
2024-09-13 13:21:23,731 - __main__ - ERROR - Ошибка при запуске event loop: Cannot close a running event loop
2024-09-13 15:40:18,756 - __main__ - INFO - Бот инициализирован, пытаемся запустить run_polling
2024-09-13 15:40:48,129 - __main__ - INFO - Команда /start получена от пользователя 309606681
2024-09-13 15:40:48,363 - __main__ - INFO - Команда /start обработана для пользователя 309606681.
2024-09-13 15:40:50,135 - __main__ - INFO - Команда /register получена от пользователя 309606681
2024-09-13 15:40:55,072 - __main__ - INFO - Успешное подключение к базе данных.
2024-09-13 15:41:00,787 - __main__ - INFO - Успешное подключение к базе данных.
2024-09-13 15:41:03,991 - __main__ - INFO - Команда /generate_report получена
2024-09-13 15:41:06,249 - __main__ - INFO - Команда /generate_report получена
2024-09-13 15:41:15,903 - __main__ - INFO - Команда /generate_report получена
2024-09-13 15:41:16,196 - __main__ - ERROR - Ошибка при сохранении отчета для пользователя с user_id 104: 'NoneType' object has no attribute 'cursor'
2024-09-13 15:41:16,197 - __main__ - ERROR - Ошибка при генерации отчета: 'NoneType' object has no attribute 'ensure_closed'
2024-09-13 15:42:09,684 - __main__ - ERROR - Ошибка при запуске event loop: Cannot close a running event loop
2024-09-13 16:02:39,029 - __main__ - INFO - Бот инициализирован, пытаемся запустить run_polling
2024-09-13 16:02:43,548 - __main__ - ERROR - Ошибка при запуске event loop: Cannot close a running event loop
2024-09-13 16:16:12,313 - __main__ - INFO - Бот инициализирован, пытаемся запустить run_polling
2024-09-13 16:16:20,529 - __main__ - INFO - Команда /register получена от пользователя 309606681
2024-09-13 16:16:26,336 - __main__ - INFO - Успешное подключение к базе данных.
2024-09-13 16:45:15,883 - __main__ - ERROR - Ошибка при запуске event loop: Cannot close a running event loop
2024-09-13 16:45:18,311 - __main__ - INFO - Бот инициализирован, пытаемся запустить run_polling
2024-09-13 16:45:26,200 - __main__ - INFO - Команда /register получена от пользователя 309606681
2024-09-13 16:45:32,507 - __main__ - INFO - Успешное подключение к базе данных.
2024-09-13 16:50:01,194 - __main__ - ERROR - Ошибка при запуске event loop: Cannot close a running event loop
2024-09-13 16:50:03,636 - __main__ - INFO - Бот инициализирован, пытаемся запустить run_polling
2024-09-13 16:50:07,955 - __main__ - INFO - Команда /register получена от пользователя 309606681
2024-09-13 16:50:15,069 - __main__ - INFO - Успешное подключение к базе данных.
2024-09-13 16:56:33,554 - __main__ - ERROR - Ошибка при запуске event loop: Cannot close a running event loop
2024-09-13 16:56:35,926 - __main__ - INFO - Бот инициализирован, пытаемся запустить run_polling
2024-09-13 16:56:42,452 - __main__ - INFO - Команда /register получена от пользователя 309606681
2024-09-13 16:56:51,359 - __main__ - INFO - Успешное подключение к базе данных.
2024-09-13 17:14:27,993 - __main__ - ERROR - Ошибка при запуске event loop: Cannot close a running event loop
2024-09-16 11:24:03,793 - __main__ - INFO - Бот инициализирован, пытаемся запустить run_polling
2024-09-16 11:24:11,598 - __main__ - ERROR - Ошибка при запуске event loop: Cannot close a running event loop
2024-09-17 15:22:07,036 - db_module - INFO - Попытка подключения к базе данных.
2024-09-17 15:22:07,698 - db_module - INFO - [DB] Пул соединений успешно создан.
2024-09-17 15:22:07,699 - __main__ - INFO - Успешное подключение к базе данных.
2024-09-17 15:22:07,717 - __main__ - INFO - Бот успешно инициализирован.
2024-09-17 15:22:07,717 - db_module - INFO - [DB] Пул соединений закрыт.
2024-09-17 15:30:12,658 - db_module - INFO - Попытка подключения к базе данных.
2024-09-17 15:30:13,030 - db_module - INFO - [DB] Пул соединений успешно создан.
2024-09-17 15:30:13,030 - __main__ - INFO - Успешное подключение к базе данных.
2024-09-17 15:30:13,036 - __main__ - INFO - Бот успешно инициализирован.
2024-09-17 15:39:33,290 - db_module - INFO - Попытка подключения к базе данных.
2024-09-17 15:39:33,664 - db_module - INFO - [DB] Пул соединений успешно создан.
2024-09-17 15:39:33,664 - __main__ - INFO - Успешное подключение к базе данных.
2024-09-17 15:39:33,669 - __main__ - INFO - Бот успешно инициализирован.
2024-09-17 15:39:33,671 - db_module - INFO - [DB] Пул соединений закрыт.
2024-09-17 15:43:54,965 - db_module - INFO - Попытка подключения к базе данных.
2024-09-17 15:43:55,345 - db_module - INFO - [DB] Пул соединений успешно создан.
2024-09-17 15:43:55,345 - __main__ - INFO - Успешное подключение к базе данных.
2024-09-17 15:43:55,348 - __main__ - INFO - Бот успешно инициализирован.
2024-09-17 15:44:34,676 - __main__ - INFO - Команда /start получена от пользователя 309606681
2024-09-17 15:44:36,664 - __main__ - INFO - Команда /start получена от пользователя 309606681
2024-09-17 15:45:23,205 - db_module - INFO - [DB] Запрос выполнен за 0.1258 сек.
2024-09-17 15:45:23,845 - db_module - INFO - [DB] Запрос выполнен за 0.1253 сек.
2024-09-17 15:45:23,970 - db_module - INFO - [DB] Запрос выполнен за 0.1224 сек.
2024-09-17 15:45:23,971 - db_module - INFO - [DB] Пользователь 'Альбина' уже существует.
2024-09-17 15:45:40,750 - __main__ - INFO - Команда /request_stats получена от пользователя 309606681
2024-09-17 15:45:40,750 - __main__ - ERROR - Exception while handling an update:
Traceback (most recent call last):
  File "/Users/vitalyefimov/Projects/operabot/venv/lib/python3.11/site-packages/telegram/ext/_application.py", line 1335, in process_update
    await coroutine
  File "/Users/vitalyefimov/Projects/operabot/venv/lib/python3.11/site-packages/telegram/ext/_handlers/basehandler.py", line 157, in handle_update
    return await self.callback(update, context)
           ^^^^^^^^^^^^^^^^^^^^^^^^^^^^^^^^^^^^
  File "/Users/vitalyefimov/Projects/operabot/bot.py", line 175, in request_current_stats_handle
    operator_id = await self.db_manager.get_operator_id(user_id)
                        ^^^^^^^^^^^^^^^^^^^^^^^^^^^^^^^
AttributeError: 'DatabaseManager' object has no attribute 'get_operator_id'
2024-09-17 15:45:46,917 - __main__ - INFO - Команда /generate_report получена от пользователя 309606681
2024-09-17 15:45:59,347 - __main__ - INFO - Команда /generate_report получена от пользователя 309606681
2024-09-17 15:45:59,497 - db_module - ERROR - [DB] Ошибка выполнения запроса: (1146, "Table 'mangoapi_db.operators' doesn't exist")
2024-09-17 15:45:59,497 - db_module - WARNING - [DB] Повторная попытка запроса (1/3)...
2024-09-17 15:46:00,619 - db_module - ERROR - [DB] Ошибка выполнения запроса: (1146, "Table 'mangoapi_db.operators' doesn't exist")
2024-09-17 15:46:00,619 - db_module - WARNING - [DB] Повторная попытка запроса (2/3)...
2024-09-17 15:46:01,742 - db_module - ERROR - [DB] Ошибка выполнения запроса: (1146, "Table 'mangoapi_db.operators' doesn't exist")
2024-09-17 15:46:01,873 - db_module - ERROR - [DB] Ошибка выполнения запроса: (1054, "Unknown column 'report_text' in 'field list'")
2024-09-17 15:46:01,873 - db_module - WARNING - [DB] Повторная попытка запроса (1/3)...
2024-09-17 15:46:02,996 - db_module - ERROR - [DB] Ошибка выполнения запроса: (1054, "Unknown column 'report_text' in 'field list'")
2024-09-17 15:46:02,997 - db_module - WARNING - [DB] Повторная попытка запроса (2/3)...
2024-09-17 15:46:04,119 - db_module - ERROR - [DB] Ошибка выполнения запроса: (1054, "Unknown column 'report_text' in 'field list'")
2024-09-17 15:46:04,120 - __main__ - ERROR - Ошибка при генерации отчета для оператора 104: (1054, "Unknown column 'report_text' in 'field list'")
2024-09-17 16:09:19,804 - db_module - INFO - [DB] Пул соединений закрыт.
2024-09-17 16:09:22,488 - db_module - INFO - Попытка подключения к базе данных.
2024-09-17 16:09:22,874 - db_module - INFO - [DB] Пул соединений успешно создан.
2024-09-17 16:09:22,875 - __main__ - INFO - Успешное подключение к базе данных.
2024-09-17 16:09:22,883 - __main__ - INFO - Бот успешно инициализирован.
2024-09-17 16:09:57,874 - __main__ - INFO - Команда /start получена от пользователя 309606681
2024-09-17 16:10:01,501 - __main__ - INFO - Команда /start получена от пользователя 309606681
2024-09-17 16:10:15,747 - db_module - INFO - [DB] Запрос выполнен за 0.1242 сек.
2024-09-17 16:10:15,870 - db_module - INFO - [DB] Запрос выполнен за 0.1217 сек.
2024-09-17 16:10:15,870 - db_module - INFO - [DB] Пользователь 'Виталий' уже существует.
2024-09-17 16:10:22,135 - __main__ - INFO - Команда /generate_report получена от пользователя 309606681
2024-09-17 16:10:32,958 - __main__ - INFO - Команда /generate_report получена от пользователя 309606681
2024-09-17 16:10:33,088 - db_module - ERROR - [DB] Ошибка выполнения запроса: (1146, "Table 'mangoapi_db.operators' doesn't exist")
2024-09-17 16:10:33,089 - db_module - WARNING - [DB] Повторная попытка запроса (1/3)...
2024-09-17 16:10:34,211 - db_module - ERROR - [DB] Ошибка выполнения запроса: (1146, "Table 'mangoapi_db.operators' doesn't exist")
2024-09-17 16:10:34,211 - db_module - WARNING - [DB] Повторная попытка запроса (2/3)...
2024-09-17 16:10:35,343 - db_module - ERROR - [DB] Ошибка выполнения запроса: (1146, "Table 'mangoapi_db.operators' doesn't exist")
2024-09-17 16:10:35,468 - db_module - ERROR - [DB] Ошибка выполнения запроса: (1054, "Unknown column 'report_text' in 'field list'")
2024-09-17 16:10:35,468 - db_module - WARNING - [DB] Повторная попытка запроса (1/3)...
2024-09-17 16:10:36,592 - db_module - ERROR - [DB] Ошибка выполнения запроса: (1054, "Unknown column 'report_text' in 'field list'")
2024-09-17 16:10:36,593 - db_module - WARNING - [DB] Повторная попытка запроса (2/3)...
2024-09-17 16:10:37,715 - db_module - ERROR - [DB] Ошибка выполнения запроса: (1054, "Unknown column 'report_text' in 'field list'")
2024-09-17 16:10:37,716 - __main__ - ERROR - Ошибка при генерации отчета для оператора 104: (1054, "Unknown column 'report_text' in 'field list'")
2024-09-17 16:10:50,776 - __main__ - INFO - Команда /generate_report получена от пользователя 309606681
2024-09-17 16:10:50,900 - db_module - ERROR - [DB] Ошибка выполнения запроса: (1146, "Table 'mangoapi_db.operators' doesn't exist")
2024-09-17 16:10:50,900 - db_module - WARNING - [DB] Повторная попытка запроса (1/3)...
2024-09-17 16:10:52,023 - db_module - ERROR - [DB] Ошибка выполнения запроса: (1146, "Table 'mangoapi_db.operators' doesn't exist")
2024-09-17 16:10:52,023 - db_module - WARNING - [DB] Повторная попытка запроса (2/3)...
2024-09-17 16:10:53,149 - db_module - ERROR - [DB] Ошибка выполнения запроса: (1146, "Table 'mangoapi_db.operators' doesn't exist")
2024-09-17 16:10:53,271 - db_module - ERROR - [DB] Ошибка выполнения запроса: (1054, "Unknown column 'report_text' in 'field list'")
2024-09-17 16:10:53,271 - db_module - WARNING - [DB] Повторная попытка запроса (1/3)...
2024-09-17 16:10:54,394 - db_module - ERROR - [DB] Ошибка выполнения запроса: (1054, "Unknown column 'report_text' in 'field list'")
2024-09-17 16:10:54,394 - db_module - WARNING - [DB] Повторная попытка запроса (2/3)...
2024-09-17 16:10:55,519 - db_module - ERROR - [DB] Ошибка выполнения запроса: (1054, "Unknown column 'report_text' in 'field list'")
2024-09-17 16:10:55,520 - __main__ - ERROR - Ошибка при генерации отчета для оператора 4: (1054, "Unknown column 'report_text' in 'field list'")
2024-09-17 16:10:59,908 - __main__ - INFO - Команда /generate_report получена от пользователя 309606681
2024-09-17 16:11:00,031 - db_module - ERROR - [DB] Ошибка выполнения запроса: (1146, "Table 'mangoapi_db.operators' doesn't exist")
2024-09-17 16:11:00,032 - db_module - WARNING - [DB] Повторная попытка запроса (1/3)...
2024-09-17 16:11:01,154 - db_module - ERROR - [DB] Ошибка выполнения запроса: (1146, "Table 'mangoapi_db.operators' doesn't exist")
2024-09-17 16:11:01,154 - db_module - WARNING - [DB] Повторная попытка запроса (2/3)...
2024-09-17 16:11:02,278 - db_module - ERROR - [DB] Ошибка выполнения запроса: (1146, "Table 'mangoapi_db.operators' doesn't exist")
2024-09-17 16:11:02,401 - db_module - ERROR - [DB] Ошибка выполнения запроса: (1054, "Unknown column 'report_text' in 'field list'")
2024-09-17 16:11:02,402 - db_module - WARNING - [DB] Повторная попытка запроса (1/3)...
2024-09-17 16:11:03,525 - db_module - ERROR - [DB] Ошибка выполнения запроса: (1054, "Unknown column 'report_text' in 'field list'")
2024-09-17 16:11:03,526 - db_module - WARNING - [DB] Повторная попытка запроса (2/3)...
2024-09-17 16:11:04,648 - db_module - ERROR - [DB] Ошибка выполнения запроса: (1054, "Unknown column 'report_text' in 'field list'")
2024-09-17 16:11:04,649 - __main__ - ERROR - Ошибка при генерации отчета для оператора 1: (1054, "Unknown column 'report_text' in 'field list'")
2024-09-17 16:11:13,366 - __main__ - INFO - Команда /help получена от пользователя 309606681
2024-09-17 16:11:21,126 - __main__ - INFO - Команда /report_summary получена от пользователя 309606681
2024-09-17 16:11:21,252 - db_module - ERROR - [DB] Ошибка выполнения запроса: (1146, "Table 'mangoapi_db.operators' doesn't exist")
2024-09-17 16:11:21,252 - db_module - WARNING - [DB] Повторная попытка запроса (1/3)...
2024-09-17 16:11:22,378 - db_module - ERROR - [DB] Ошибка выполнения запроса: (1146, "Table 'mangoapi_db.operators' doesn't exist")
2024-09-17 16:11:22,379 - db_module - WARNING - [DB] Повторная попытка запроса (2/3)...
2024-09-17 16:11:23,501 - db_module - ERROR - [DB] Ошибка выполнения запроса: (1146, "Table 'mangoapi_db.operators' doesn't exist")
2024-09-17 16:11:28,644 - __main__ - INFO - Команда /request_stats получена от пользователя 309606681
2024-09-17 16:11:28,645 - __main__ - ERROR - Exception while handling an update:
Traceback (most recent call last):
  File "/Users/vitalyefimov/Projects/operabot/venv/lib/python3.11/site-packages/telegram/ext/_application.py", line 1335, in process_update
    await coroutine
  File "/Users/vitalyefimov/Projects/operabot/venv/lib/python3.11/site-packages/telegram/ext/_handlers/basehandler.py", line 157, in handle_update
    return await self.callback(update, context)
           ^^^^^^^^^^^^^^^^^^^^^^^^^^^^^^^^^^^^
  File "/Users/vitalyefimov/Projects/operabot/bot.py", line 175, in request_current_stats_handle
    operator_id = await self.db_manager.get_operator_id(user_id)
                        ^^^^^^^^^^^^^^^^^^^^^^^^^^^^^^^
AttributeError: 'DatabaseManager' object has no attribute 'get_operator_id'
2024-09-18 08:03:19,114 - __main__ - ERROR - Exception while handling an update:
Traceback (most recent call last):
  File "/Users/vitalyefimov/Projects/operabot/venv/lib/python3.11/site-packages/httpx/_transports/default.py", line 72, in map_httpcore_exceptions
    yield
  File "/Users/vitalyefimov/Projects/operabot/venv/lib/python3.11/site-packages/httpx/_transports/default.py", line 377, in handle_async_request
    resp = await self._pool.handle_async_request(req)
           ^^^^^^^^^^^^^^^^^^^^^^^^^^^^^^^^^^^^^^^^^^
  File "/Users/vitalyefimov/Projects/operabot/venv/lib/python3.11/site-packages/httpcore/_async/connection_pool.py", line 216, in handle_async_request
    raise exc from None
  File "/Users/vitalyefimov/Projects/operabot/venv/lib/python3.11/site-packages/httpcore/_async/connection_pool.py", line 196, in handle_async_request
    response = await connection.handle_async_request(
               ^^^^^^^^^^^^^^^^^^^^^^^^^^^^^^^^^^^^^^
  File "/Users/vitalyefimov/Projects/operabot/venv/lib/python3.11/site-packages/httpcore/_async/connection.py", line 99, in handle_async_request
    raise exc
  File "/Users/vitalyefimov/Projects/operabot/venv/lib/python3.11/site-packages/httpcore/_async/connection.py", line 76, in handle_async_request
    stream = await self._connect(request)
             ^^^^^^^^^^^^^^^^^^^^^^^^^^^^
  File "/Users/vitalyefimov/Projects/operabot/venv/lib/python3.11/site-packages/httpcore/_async/connection.py", line 122, in _connect
    stream = await self._network_backend.connect_tcp(**kwargs)
             ^^^^^^^^^^^^^^^^^^^^^^^^^^^^^^^^^^^^^^^^^^^^^^^^^
  File "/Users/vitalyefimov/Projects/operabot/venv/lib/python3.11/site-packages/httpcore/_backends/auto.py", line 30, in connect_tcp
    return await self._backend.connect_tcp(
           ^^^^^^^^^^^^^^^^^^^^^^^^^^^^^^^^
  File "/Users/vitalyefimov/Projects/operabot/venv/lib/python3.11/site-packages/httpcore/_backends/anyio.py", line 114, in connect_tcp
    with map_exceptions(exc_map):
  File "/opt/anaconda3/lib/python3.11/contextlib.py", line 158, in __exit__
    self.gen.throw(typ, value, traceback)
  File "/Users/vitalyefimov/Projects/operabot/venv/lib/python3.11/site-packages/httpcore/_exceptions.py", line 14, in map_exceptions
    raise to_exc(exc) from exc
httpcore.ConnectError: All connection attempts failed

The above exception was the direct cause of the following exception:

Traceback (most recent call last):
  File "/Users/vitalyefimov/Projects/operabot/venv/lib/python3.11/site-packages/telegram/request/_httpxrequest.py", line 276, in do_request
    res = await self._client.request(
          ^^^^^^^^^^^^^^^^^^^^^^^^^^^
  File "/Users/vitalyefimov/Projects/operabot/venv/lib/python3.11/site-packages/httpx/_client.py", line 1585, in request
    return await self.send(request, auth=auth, follow_redirects=follow_redirects)
           ^^^^^^^^^^^^^^^^^^^^^^^^^^^^^^^^^^^^^^^^^^^^^^^^^^^^^^^^^^^^^^^^^^^^^^
  File "/Users/vitalyefimov/Projects/operabot/venv/lib/python3.11/site-packages/httpx/_client.py", line 1674, in send
    response = await self._send_handling_auth(
               ^^^^^^^^^^^^^^^^^^^^^^^^^^^^^^^
  File "/Users/vitalyefimov/Projects/operabot/venv/lib/python3.11/site-packages/httpx/_client.py", line 1702, in _send_handling_auth
    response = await self._send_handling_redirects(
               ^^^^^^^^^^^^^^^^^^^^^^^^^^^^^^^^^^^^
  File "/Users/vitalyefimov/Projects/operabot/venv/lib/python3.11/site-packages/httpx/_client.py", line 1739, in _send_handling_redirects
    response = await self._send_single_request(request)
               ^^^^^^^^^^^^^^^^^^^^^^^^^^^^^^^^^^^^^^^^
  File "/Users/vitalyefimov/Projects/operabot/venv/lib/python3.11/site-packages/httpx/_client.py", line 1776, in _send_single_request
    response = await transport.handle_async_request(request)
               ^^^^^^^^^^^^^^^^^^^^^^^^^^^^^^^^^^^^^^^^^^^^^
  File "/Users/vitalyefimov/Projects/operabot/venv/lib/python3.11/site-packages/httpx/_transports/default.py", line 376, in handle_async_request
    with map_httpcore_exceptions():
  File "/opt/anaconda3/lib/python3.11/contextlib.py", line 158, in __exit__
    self.gen.throw(typ, value, traceback)
  File "/Users/vitalyefimov/Projects/operabot/venv/lib/python3.11/site-packages/httpx/_transports/default.py", line 89, in map_httpcore_exceptions
    raise mapped_exc(message) from exc
httpx.ConnectError: All connection attempts failed

The above exception was the direct cause of the following exception:

Traceback (most recent call last):
  File "/Users/vitalyefimov/Projects/operabot/venv/lib/python3.11/site-packages/telegram/ext/_updater.py", line 753, in _network_loop_retry
    if not await do_action():
           ^^^^^^^^^^^^^^^^^
  File "/Users/vitalyefimov/Projects/operabot/venv/lib/python3.11/site-packages/telegram/ext/_updater.py", line 747, in do_action
    return action_cb_task.result()
           ^^^^^^^^^^^^^^^^^^^^^^^
  File "/opt/anaconda3/lib/python3.11/asyncio/futures.py", line 203, in result
    raise self._exception.with_traceback(self._exception_tb)
  File "/opt/anaconda3/lib/python3.11/asyncio/tasks.py", line 277, in __step
    result = coro.send(None)
             ^^^^^^^^^^^^^^^
  File "/Users/vitalyefimov/Projects/operabot/venv/lib/python3.11/site-packages/telegram/ext/_updater.py", line 377, in polling_action_cb
    updates = await self.bot.get_updates(
              ^^^^^^^^^^^^^^^^^^^^^^^^^^^
  File "/Users/vitalyefimov/Projects/operabot/venv/lib/python3.11/site-packages/telegram/ext/_extbot.py", line 649, in get_updates
    updates = await super().get_updates(
              ^^^^^^^^^^^^^^^^^^^^^^^^^^
  File "/Users/vitalyefimov/Projects/operabot/venv/lib/python3.11/site-packages/telegram/_bot.py", line 4366, in get_updates
    await self._post(
  File "/Users/vitalyefimov/Projects/operabot/venv/lib/python3.11/site-packages/telegram/_bot.py", line 623, in _post
    return await self._do_post(
           ^^^^^^^^^^^^^^^^^^^^
  File "/Users/vitalyefimov/Projects/operabot/venv/lib/python3.11/site-packages/telegram/ext/_extbot.py", line 355, in _do_post
    return await super()._do_post(
           ^^^^^^^^^^^^^^^^^^^^^^^
  File "/Users/vitalyefimov/Projects/operabot/venv/lib/python3.11/site-packages/telegram/_bot.py", line 652, in _do_post
    result = await request.post(
             ^^^^^^^^^^^^^^^^^^^
  File "/Users/vitalyefimov/Projects/operabot/venv/lib/python3.11/site-packages/telegram/request/_baserequest.py", line 201, in post
    result = await self._request_wrapper(
             ^^^^^^^^^^^^^^^^^^^^^^^^^^^^
  File "/Users/vitalyefimov/Projects/operabot/venv/lib/python3.11/site-packages/telegram/request/_baserequest.py", line 333, in _request_wrapper
    code, payload = await self.do_request(
                    ^^^^^^^^^^^^^^^^^^^^^^
  File "/Users/vitalyefimov/Projects/operabot/venv/lib/python3.11/site-packages/telegram/request/_httpxrequest.py", line 300, in do_request
    raise NetworkError(f"httpx.{err.__class__.__name__}: {err}") from err
telegram.error.NetworkError: httpx.ConnectError: All connection attempts failed
2024-09-18 11:20:25,219 - db_module - INFO - [DB] Пул соединений закрыт.
2024-09-18 13:40:21,426 - db_module - INFO - Попытка подключения к базе данных.
2024-09-18 13:40:22,089 - db_module - INFO - [DB] Пул соединений успешно создан.
2024-09-18 13:40:22,090 - __main__ - INFO - Успешное подключение к базе данных.
2024-09-18 13:40:22,094 - __main__ - INFO - Бот успешно инициализирован.
2024-09-18 13:40:57,280 - __main__ - INFO - Команда /start получена от пользователя 309606681
2024-09-18 13:41:02,302 - __main__ - ERROR - Exception while handling an update:
Traceback (most recent call last):
  File "/Users/vitalyefimov/Projects/operabot/venv/lib/python3.11/site-packages/httpx/_transports/default.py", line 72, in map_httpcore_exceptions
    yield
  File "/Users/vitalyefimov/Projects/operabot/venv/lib/python3.11/site-packages/httpx/_transports/default.py", line 377, in handle_async_request
    resp = await self._pool.handle_async_request(req)
           ^^^^^^^^^^^^^^^^^^^^^^^^^^^^^^^^^^^^^^^^^^
  File "/Users/vitalyefimov/Projects/operabot/venv/lib/python3.11/site-packages/httpcore/_async/connection_pool.py", line 216, in handle_async_request
    raise exc from None
  File "/Users/vitalyefimov/Projects/operabot/venv/lib/python3.11/site-packages/httpcore/_async/connection_pool.py", line 196, in handle_async_request
    response = await connection.handle_async_request(
               ^^^^^^^^^^^^^^^^^^^^^^^^^^^^^^^^^^^^^^
  File "/Users/vitalyefimov/Projects/operabot/venv/lib/python3.11/site-packages/httpcore/_async/connection.py", line 99, in handle_async_request
    raise exc
  File "/Users/vitalyefimov/Projects/operabot/venv/lib/python3.11/site-packages/httpcore/_async/connection.py", line 76, in handle_async_request
    stream = await self._connect(request)
             ^^^^^^^^^^^^^^^^^^^^^^^^^^^^
  File "/Users/vitalyefimov/Projects/operabot/venv/lib/python3.11/site-packages/httpcore/_async/connection.py", line 154, in _connect
    stream = await stream.start_tls(**kwargs)
             ^^^^^^^^^^^^^^^^^^^^^^^^^^^^^^^^
  File "/Users/vitalyefimov/Projects/operabot/venv/lib/python3.11/site-packages/httpcore/_backends/anyio.py", line 68, in start_tls
    with map_exceptions(exc_map):
  File "/opt/anaconda3/lib/python3.11/contextlib.py", line 158, in __exit__
    self.gen.throw(typ, value, traceback)
  File "/Users/vitalyefimov/Projects/operabot/venv/lib/python3.11/site-packages/httpcore/_exceptions.py", line 14, in map_exceptions
    raise to_exc(exc) from exc
httpcore.ConnectTimeout

The above exception was the direct cause of the following exception:

Traceback (most recent call last):
  File "/Users/vitalyefimov/Projects/operabot/venv/lib/python3.11/site-packages/telegram/request/_httpxrequest.py", line 276, in do_request
    res = await self._client.request(
          ^^^^^^^^^^^^^^^^^^^^^^^^^^^
  File "/Users/vitalyefimov/Projects/operabot/venv/lib/python3.11/site-packages/httpx/_client.py", line 1585, in request
    return await self.send(request, auth=auth, follow_redirects=follow_redirects)
           ^^^^^^^^^^^^^^^^^^^^^^^^^^^^^^^^^^^^^^^^^^^^^^^^^^^^^^^^^^^^^^^^^^^^^^
  File "/Users/vitalyefimov/Projects/operabot/venv/lib/python3.11/site-packages/httpx/_client.py", line 1674, in send
    response = await self._send_handling_auth(
               ^^^^^^^^^^^^^^^^^^^^^^^^^^^^^^^
  File "/Users/vitalyefimov/Projects/operabot/venv/lib/python3.11/site-packages/httpx/_client.py", line 1702, in _send_handling_auth
    response = await self._send_handling_redirects(
               ^^^^^^^^^^^^^^^^^^^^^^^^^^^^^^^^^^^^
  File "/Users/vitalyefimov/Projects/operabot/venv/lib/python3.11/site-packages/httpx/_client.py", line 1739, in _send_handling_redirects
    response = await self._send_single_request(request)
               ^^^^^^^^^^^^^^^^^^^^^^^^^^^^^^^^^^^^^^^^
  File "/Users/vitalyefimov/Projects/operabot/venv/lib/python3.11/site-packages/httpx/_client.py", line 1776, in _send_single_request
    response = await transport.handle_async_request(request)
               ^^^^^^^^^^^^^^^^^^^^^^^^^^^^^^^^^^^^^^^^^^^^^
  File "/Users/vitalyefimov/Projects/operabot/venv/lib/python3.11/site-packages/httpx/_transports/default.py", line 376, in handle_async_request
    with map_httpcore_exceptions():
  File "/opt/anaconda3/lib/python3.11/contextlib.py", line 158, in __exit__
    self.gen.throw(typ, value, traceback)
  File "/Users/vitalyefimov/Projects/operabot/venv/lib/python3.11/site-packages/httpx/_transports/default.py", line 89, in map_httpcore_exceptions
    raise mapped_exc(message) from exc
httpx.ConnectTimeout

The above exception was the direct cause of the following exception:

Traceback (most recent call last):
  File "/Users/vitalyefimov/Projects/operabot/venv/lib/python3.11/site-packages/telegram/ext/_application.py", line 1335, in process_update
    await coroutine
  File "/Users/vitalyefimov/Projects/operabot/venv/lib/python3.11/site-packages/telegram/ext/_handlers/basehandler.py", line 157, in handle_update
    return await self.callback(update, context)
           ^^^^^^^^^^^^^^^^^^^^^^^^^^^^^^^^^^^^
  File "/Users/vitalyefimov/Projects/operabot/bot.py", line 119, in start_handle
    await update.message.reply_text(reply_text, parse_mode=ParseMode.HTML)
  File "/Users/vitalyefimov/Projects/operabot/venv/lib/python3.11/site-packages/telegram/_message.py", line 1762, in reply_text
    return await self.get_bot().send_message(
           ^^^^^^^^^^^^^^^^^^^^^^^^^^^^^^^^^^
  File "/Users/vitalyefimov/Projects/operabot/venv/lib/python3.11/site-packages/telegram/ext/_extbot.py", line 2909, in send_message
    return await super().send_message(
           ^^^^^^^^^^^^^^^^^^^^^^^^^^^
  File "/Users/vitalyefimov/Projects/operabot/venv/lib/python3.11/site-packages/telegram/_bot.py", line 1029, in send_message
    return await self._send_message(
           ^^^^^^^^^^^^^^^^^^^^^^^^^
  File "/Users/vitalyefimov/Projects/operabot/venv/lib/python3.11/site-packages/telegram/ext/_extbot.py", line 610, in _send_message
    result = await super()._send_message(
             ^^^^^^^^^^^^^^^^^^^^^^^^^^^^
  File "/Users/vitalyefimov/Projects/operabot/venv/lib/python3.11/site-packages/telegram/_bot.py", line 745, in _send_message
    result = await self._post(
             ^^^^^^^^^^^^^^^^^
  File "/Users/vitalyefimov/Projects/operabot/venv/lib/python3.11/site-packages/telegram/_bot.py", line 623, in _post
    return await self._do_post(
           ^^^^^^^^^^^^^^^^^^^^
  File "/Users/vitalyefimov/Projects/operabot/venv/lib/python3.11/site-packages/telegram/ext/_extbot.py", line 375, in _do_post
    return await self.rate_limiter.process_request(
           ^^^^^^^^^^^^^^^^^^^^^^^^^^^^^^^^^^^^^^^^
  File "/Users/vitalyefimov/Projects/operabot/venv/lib/python3.11/site-packages/telegram/ext/_aioratelimiter.py", line 245, in process_request
    return await self._run_request(
           ^^^^^^^^^^^^^^^^^^^^^^^^
  File "/Users/vitalyefimov/Projects/operabot/venv/lib/python3.11/site-packages/telegram/ext/_aioratelimiter.py", line 203, in _run_request
    return await callback(*args, **kwargs)
           ^^^^^^^^^^^^^^^^^^^^^^^^^^^^^^^
  File "/Users/vitalyefimov/Projects/operabot/venv/lib/python3.11/site-packages/telegram/_bot.py", line 652, in _do_post
    result = await request.post(
             ^^^^^^^^^^^^^^^^^^^
  File "/Users/vitalyefimov/Projects/operabot/venv/lib/python3.11/site-packages/telegram/request/_baserequest.py", line 201, in post
    result = await self._request_wrapper(
             ^^^^^^^^^^^^^^^^^^^^^^^^^^^^
  File "/Users/vitalyefimov/Projects/operabot/venv/lib/python3.11/site-packages/telegram/request/_baserequest.py", line 333, in _request_wrapper
    code, payload = await self.do_request(
                    ^^^^^^^^^^^^^^^^^^^^^^
  File "/Users/vitalyefimov/Projects/operabot/venv/lib/python3.11/site-packages/telegram/request/_httpxrequest.py", line 293, in do_request
    raise TimedOut from err
telegram.error.TimedOut: Timed out
2024-09-18 13:41:02,618 - __main__ - ERROR - Ошибка в обработчике ошибок: Can't parse entities: can't find end tag corresponding to start tag "pre"
2024-09-18 13:41:10,999 - __main__ - INFO - Команда /start получена от пользователя 309606681
2024-09-18 13:41:27,762 - db_module - INFO - [DB] Запрос выполнен за 0.1233 сек.
2024-09-18 13:41:28,152 - db_module - INFO - [DB] Запрос выполнен за 0.1203 сек.
2024-09-18 13:41:28,275 - db_module - INFO - [DB] Запрос выполнен за 0.1218 сек.
2024-09-18 13:41:28,276 - db_module - INFO - [DB] Пользователь 'Альбина' уже существует.
2024-09-18 13:41:36,272 - __main__ - INFO - Команда /generate_report получена от пользователя 309606681
2024-09-18 13:41:40,141 - __main__ - INFO - Команда /generate_report получена от пользователя 309606681
2024-09-18 13:41:48,126 - __main__ - INFO - Команда /generate_report получена от пользователя 309606681
2024-09-18 13:41:48,250 - db_module - INFO - [DB] Запрос выполнен за 0.1232 сек.
2024-09-18 13:41:48,251 - __main__ - ERROR - Ошибка при генерации отчета для пользователя 104: DatabaseManager.save_report_to_db() missing 16 required positional arguments: 'accepted_calls', 'booked_services', 'conversion_rate', 'avg_call_rating', 'total_cancellations', 'cancellation_rate', 'total_conversation_time', 'avg_conversation_time', 'avg_spam_time', 'total_spam_time', 'total_navigation_time', 'avg_navigation_time', 'total_talk_time', 'complaint_calls', 'complaint_rating', and 'recommendations'
2024-09-18 13:41:52,476 - __main__ - INFO - Команда /generate_report получена от пользователя 309606681
2024-09-18 13:41:52,598 - db_module - INFO - [DB] Запрос выполнен за 0.1215 сек.
2024-09-18 13:41:52,599 - __main__ - ERROR - Ошибка при генерации отчета для пользователя 110: DatabaseManager.save_report_to_db() missing 16 required positional arguments: 'accepted_calls', 'booked_services', 'conversion_rate', 'avg_call_rating', 'total_cancellations', 'cancellation_rate', 'total_conversation_time', 'avg_conversation_time', 'avg_spam_time', 'total_spam_time', 'total_navigation_time', 'avg_navigation_time', 'total_talk_time', 'complaint_calls', 'complaint_rating', and 'recommendations'
2024-09-18 13:41:56,121 - __main__ - INFO - Команда /generate_report получена от пользователя 309606681
2024-09-18 13:41:56,243 - db_module - INFO - [DB] Запрос выполнен за 0.1206 сек.
2024-09-18 13:41:56,244 - __main__ - ERROR - Ошибка при генерации отчета для пользователя 1: DatabaseManager.save_report_to_db() missing 16 required positional arguments: 'accepted_calls', 'booked_services', 'conversion_rate', 'avg_call_rating', 'total_cancellations', 'cancellation_rate', 'total_conversation_time', 'avg_conversation_time', 'avg_spam_time', 'total_spam_time', 'total_navigation_time', 'avg_navigation_time', 'total_talk_time', 'complaint_calls', 'complaint_rating', and 'recommendations'
2024-09-18 13:42:00,545 - __main__ - INFO - Команда /request_stats получена от пользователя 309606681
2024-09-18 13:42:00,667 - db_module - INFO - [DB] Запрос выполнен за 0.1223 сек.
2024-09-18 13:42:00,788 - db_module - INFO - [DB] Запрос выполнен за 0.1202 сек.
2024-09-18 13:42:00,790 - __main__ - ERROR - Ошибка при получении статистики для пользователя 309606681: string indices must be integers, not 'str'
2024-09-18 13:42:03,026 - __main__ - INFO - Команда /report_summary получена от пользователя 309606681
2024-09-18 13:42:03,147 - db_module - INFO - [DB] Запрос выполнен за 0.1200 сек.
2024-09-18 13:42:03,268 - db_module - INFO - [DB] Запрос выполнен за 0.1196 сек.
2024-09-18 13:42:03,645 - db_module - INFO - [DB] Запрос выполнен за 0.1230 сек.
2024-09-18 13:42:03,646 - db_module - INFO - [DB] Запрос выполнен за 0.1239 сек.
2024-09-18 13:42:04,025 - db_module - INFO - [DB] Запрос выполнен за 0.1257 сек.
2024-09-18 13:42:04,027 - __main__ - ERROR - Ошибка при создании сводки по пользователям: string indices must be integers, not 'str'
2024-09-18 13:42:06,509 - __main__ - INFO - Команда /settings получена от пользователя 309606681
2024-09-18 13:42:10,113 - __main__ - INFO - Команда /cancel получена от пользователя 309606681
2024-09-18 13:42:10,250 - __main__ - INFO - Задача для пользователя 309606681 отменена.
2024-09-18 14:03:47,497 - db_module - INFO - [DB] Пул соединений закрыт.
2024-09-18 14:03:50,273 - db_module - INFO - Попытка подключения к базе данных.
2024-09-18 14:03:50,645 - db_module - INFO - [DB] Пул соединений успешно создан.
2024-09-18 14:03:50,647 - __main__ - INFO - Успешное подключение к базе данных.
2024-09-18 14:03:50,659 - __main__ - INFO - Бот успешно инициализирован.
2024-09-18 14:04:26,054 - __main__ - INFO - Команда /start получена от пользователя 309606681
2024-09-18 14:05:10,556 - db_module - INFO - [DB] Запрос выполнен за 0.1177 сек.
2024-09-18 14:05:10,933 - db_module - INFO - [DB] Запрос выполнен за 0.1170 сек.
2024-09-18 14:05:11,050 - db_module - INFO - [DB] Запрос выполнен за 0.1163 сек.
2024-09-18 14:05:11,050 - db_module - INFO - [DB] Пользователь 'Альбина' уже существует.
2024-09-18 14:05:56,278 - __main__ - INFO - Команда /generate_report получена от пользователя 309606681
2024-09-18 14:06:04,072 - __main__ - INFO - Команда /generate_report получена от пользователя 309606681
2024-09-18 14:06:04,190 - db_module - INFO - [DB] Запрос выполнен за 0.1166 сек.
2024-09-18 14:06:04,191 - __main__ - ERROR - Ошибка при генерации отчета для пользователя 110: string indices must be integers, not 'str'
2024-09-18 14:06:10,765 - __main__ - INFO - Команда /generate_report получена от пользователя 309606681
2024-09-18 14:06:10,892 - db_module - INFO - [DB] Запрос выполнен за 0.1260 сек.
2024-09-18 14:06:10,893 - __main__ - ERROR - Ошибка при генерации отчета для пользователя 1: string indices must be integers, not 'str'
2024-09-18 14:41:15,665 - db_module - INFO - [DB] Пул соединений закрыт.
2024-09-18 14:41:18,830 - db_module - INFO - Попытка подключения к базе данных.
2024-09-18 14:41:19,141 - db_module - INFO - [DB] Пул соединений успешно создан.
2024-09-18 14:41:19,141 - __main__ - INFO - Успешное подключение к базе данных.
2024-09-18 14:41:19,145 - __main__ - INFO - Бот успешно инициализирован.
2024-09-18 14:41:39,992 - __main__ - INFO - Команда /generate_report получена от пользователя 309606681
2024-09-18 14:41:39,994 - __main__ - ERROR - Exception while handling an update:
Traceback (most recent call last):
  File "/Users/vitalyefimov/Projects/operabot/venv/lib/python3.11/site-packages/telegram/ext/_application.py", line 1335, in process_update
    await coroutine
  File "/Users/vitalyefimov/Projects/operabot/venv/lib/python3.11/site-packages/telegram/ext/_handlers/basehandler.py", line 157, in handle_update
    return await self.callback(update, context)
           ^^^^^^^^^^^^^^^^^^^^^^^^^^^^^^^^^^^^
  File "/Users/vitalyefimov/Projects/operabot/bot.py", line 146, in generate_report_handle
    if not self.is_valid_operator_id(operator_id):
           ^^^^^^^^^^^^^^^^^^^^^^^^^^^^^^^^^^^^^^
  File "/Users/vitalyefimov/Projects/operabot/bot.py", line 173, in is_valid_operator_id
    return operator_id.isdigit() and int(operator_id) > 0
           ^^^^^^^^^^^^^^^^^^^
AttributeError: 'coroutine' object has no attribute 'isdigit'
2024-09-18 14:41:42,477 - __main__ - INFO - Команда /generate_report получена от пользователя 309606681
2024-09-18 14:41:42,477 - __main__ - ERROR - Exception while handling an update:
Traceback (most recent call last):
  File "/Users/vitalyefimov/Projects/operabot/venv/lib/python3.11/site-packages/telegram/ext/_application.py", line 1335, in process_update
    await coroutine
  File "/Users/vitalyefimov/Projects/operabot/venv/lib/python3.11/site-packages/telegram/ext/_handlers/basehandler.py", line 157, in handle_update
    return await self.callback(update, context)
           ^^^^^^^^^^^^^^^^^^^^^^^^^^^^^^^^^^^^
  File "/Users/vitalyefimov/Projects/operabot/bot.py", line 146, in generate_report_handle
    if not self.is_valid_operator_id(operator_id):
           ^^^^^^^^^^^^^^^^^^^^^^^^^^^^^^^^^^^^^^
  File "/Users/vitalyefimov/Projects/operabot/bot.py", line 173, in is_valid_operator_id
    return operator_id.isdigit() and int(operator_id) > 0
           ^^^^^^^^^^^^^^^^^^^
AttributeError: 'coroutine' object has no attribute 'isdigit'
2024-09-18 14:48:44,998 - db_module - INFO - [DB] Пул соединений закрыт.
2024-09-18 14:49:26,704 - db_module - INFO - Попытка подключения к базе данных.
2024-09-18 14:49:27,031 - db_module - INFO - [DB] Пул соединений успешно создан.
2024-09-18 14:49:27,031 - __main__ - INFO - Успешное подключение к базе данных.
2024-09-18 14:49:27,122 - __main__ - INFO - Бот успешно инициализирован.
2024-09-18 14:49:34,823 - __main__ - INFO - Команда /generate_report получена от пользователя 309606681
2024-09-18 14:49:44,879 - __main__ - INFO - Команда /generate_report получена от пользователя 309606681
2024-09-18 14:49:45,003 - db_module - INFO - [DB] Запрос выполнен за 0.1201 сек.
2024-09-18 14:49:45,259 - __main__ - ERROR - Неправильный формат данных отчета для пользователя 1: Данные по оператору с ID 1 не найдены.
2024-09-18 14:49:49,498 - __main__ - INFO - Команда /generate_report получена от пользователя 309606681
2024-09-18 14:49:49,598 - db_module - INFO - [DB] Запрос выполнен за 0.0991 сек.
2024-09-18 14:49:49,700 - __main__ - ERROR - Неправильный формат данных отчета для пользователя 104: Данные по оператору с ID 104 не найдены.
2024-09-18 14:49:53,823 - __main__ - INFO - Команда /generate_report получена от пользователя 309606681
2024-09-18 14:49:53,931 - db_module - INFO - [DB] Запрос выполнен за 0.1066 сек.
2024-09-18 14:49:54,120 - __main__ - ERROR - Неправильный формат данных отчета для пользователя 110: Данные по оператору с ID 110 не найдены.
2024-09-18 14:50:39,984 - __main__ - INFO - Команда /generate_report получена от пользователя 309606681
2024-09-18 14:50:40,096 - db_module - INFO - [DB] Запрос выполнен за 0.1118 сек.
2024-09-18 14:50:40,361 - __main__ - ERROR - Неправильный формат данных отчета для пользователя 2: Данные по оператору с ID 2 не найдены.
2024-09-18 14:56:27,232 - db_module - INFO - [DB] Пул соединений закрыт.
2024-09-18 14:56:28,940 - db_module - INFO - Попытка подключения к базе данных.
2024-09-18 14:56:29,243 - db_module - INFO - [DB] Пул соединений успешно создан.
2024-09-18 14:56:29,243 - __main__ - INFO - Успешное подключение к базе данных.
2024-09-18 14:56:29,245 - __main__ - INFO - Бот успешно инициализирован.
2024-09-18 14:56:33,864 - __main__ - INFO - Команда /generate_report получена от пользователя 309606681
2024-09-18 14:56:39,932 - __main__ - INFO - Команда /generate_report получена от пользователя 309606681
2024-09-18 14:56:40,036 - db_module - INFO - [DB] Запрос выполнен за 0.1033 сек.
2024-09-18 14:56:40,307 - __main__ - ERROR - Неправильный формат данных отчета для пользователя 2: Данные по оператору с ID 2 не найдены.
2024-09-18 15:03:16,232 - db_module - INFO - [DB] Пул соединений закрыт.
2024-09-18 15:03:19,481 - db_module - INFO - Попытка подключения к базе данных.
2024-09-18 15:03:19,790 - db_module - INFO - [DB] Пул соединений успешно создан.
2024-09-18 15:03:19,790 - __main__ - INFO - Успешное подключение к базе данных.
2024-09-18 15:03:19,793 - __main__ - INFO - Бот успешно инициализирован.
2024-09-18 15:03:27,697 - __main__ - INFO - Команда /generate_report получена от пользователя 309606681
2024-09-18 15:03:27,805 - db_module - INFO - [DB] Запрос выполнен за 0.1058 сек.
2024-09-18 15:03:28,055 - __main__ - ERROR - Неправильный формат данных отчета для пользователя 2: Данные по оператору с ID 2 не найдены.
2024-09-18 15:03:31,335 - __main__ - INFO - Команда /generate_report получена от пользователя 309606681
2024-09-18 15:03:31,436 - db_module - INFO - [DB] Запрос выполнен за 0.1006 сек.
2024-09-18 15:03:31,591 - __main__ - ERROR - Неправильный формат данных отчета для пользователя 104: Данные по оператору с ID 104 не найдены.
2024-09-18 15:07:27,987 - db_module - INFO - [DB] Пул соединений закрыт.
2024-09-18 15:07:31,251 - db_module - INFO - Попытка подключения к базе данных.
2024-09-18 15:07:31,558 - db_module - INFO - [DB] Пул соединений успешно создан.
2024-09-18 15:07:31,559 - __main__ - INFO - Успешное подключение к базе данных.
2024-09-18 15:07:31,565 - __main__ - INFO - Бот успешно инициализирован.
2024-09-18 15:09:55,525 - __main__ - INFO - Команда /generate_report получена от пользователя 309606681
2024-09-18 15:09:55,526 - __main__ - INFO - Запрашиваем данные для оператора с ID 104
2024-09-18 15:09:55,629 - db_module - INFO - [DB] Запрос выполнен за 0.1022 сек.
2024-09-18 15:09:56,051 - __main__ - ERROR - Неправильный формат данных отчета для пользователя 104: Данные по оператору с ID 104 не найдены.
2024-09-18 15:09:59,547 - __main__ - INFO - Команда /generate_report получена от пользователя 309606681
2024-09-18 15:09:59,547 - __main__ - INFO - Запрашиваем данные для оператора с ID 104
2024-09-18 15:09:59,652 - db_module - INFO - [DB] Запрос выполнен за 0.1040 сек.
2024-09-18 15:09:59,934 - __main__ - ERROR - Неправильный формат данных отчета для пользователя 104: Данные по оператору с ID 104 не найдены.
2024-09-18 15:10:06,166 - __main__ - INFO - Команда /generate_report получена от пользователя 309606681
2024-09-18 15:10:06,166 - __main__ - INFO - Запрашиваем данные для оператора с ID 2
2024-09-18 15:10:06,269 - db_module - INFO - [DB] Запрос выполнен за 0.1015 сек.
2024-09-18 15:10:06,737 - __main__ - ERROR - Неправильный формат данных отчета для пользователя 2: Данные по оператору с ID 2 не найдены.
2024-09-18 15:16:07,078 - db_module - INFO - [DB] Пул соединений закрыт.
2024-09-18 15:16:09,114 - db_module - INFO - Попытка подключения к базе данных.
2024-09-18 15:16:09,646 - db_module - INFO - [DB] Пул соединений успешно создан.
2024-09-18 15:16:09,646 - __main__ - INFO - Успешное подключение к базе данных.
2024-09-18 15:16:09,649 - __main__ - INFO - Бот успешно инициализирован.
2024-09-18 15:16:18,110 - __main__ - INFO - Команда /generate_report получена от пользователя 309606681
2024-09-18 15:16:18,110 - __main__ - ERROR - Exception while handling an update:
Traceback (most recent call last):
  File "/Users/vitalyefimov/Projects/operabot/venv/lib/python3.11/site-packages/telegram/ext/_application.py", line 1335, in process_update
    await coroutine
  File "/Users/vitalyefimov/Projects/operabot/venv/lib/python3.11/site-packages/telegram/ext/_handlers/basehandler.py", line 157, in handle_update
    return await self.callback(update, context)
           ^^^^^^^^^^^^^^^^^^^^^^^^^^^^^^^^^^^^
  File "/Users/vitalyefimov/Projects/operabot/bot.py", line 146, in generate_report_handle
    if not self.is_valid_operator_id(operator_id):
           ^^^^^^^^^^^^^^^^^^^^^^^^^^^^^^^^^^^^^^
  File "/Users/vitalyefimov/Projects/operabot/bot.py", line 184, in is_valid_operator_id
    return operator_id.isdigit() and int(operator_id) > 0
           ^^^^^^^^^^^^^^^^^^^
AttributeError: 'coroutine' object has no attribute 'isdigit'
2024-09-18 15:22:25,037 - db_module - INFO - [DB] Пул соединений закрыт.
2024-09-18 15:22:27,463 - db_module - INFO - Попытка подключения к базе данных.
2024-09-18 15:22:27,779 - db_module - INFO - [DB] Пул соединений успешно создан.
2024-09-18 15:22:27,779 - __main__ - INFO - Успешное подключение к базе данных.
2024-09-18 15:22:27,783 - __main__ - INFO - Бот успешно инициализирован.
2024-09-18 15:22:33,850 - __main__ - INFO - Команда /generate_report получена от пользователя 309606681
2024-09-18 15:22:38,928 - __main__ - INFO - Команда /generate_report получена от пользователя 309606681
2024-09-18 15:22:38,929 - __main__ - INFO - Запрашиваем данные для оператора с ID 2
2024-09-18 15:22:39,032 - db_module - INFO - [DB] Запрос выполнен за 0.1030 сек.
2024-09-18 15:22:39,138 - __main__ - ERROR - Неправильный формат данных отчета для пользователя 2: Данные по оператору с ID 2 не найдены.
2024-09-18 15:23:02,913 - db_module - INFO - [DB] Пул соединений закрыт.
